[0;37m15:56:14.132 [31mERROR [0;34m  floodsub: [0malready have connection to peer: <peer.ID SoLueR> [0;37mfloodsub.go:112[0m
[0;37m15:56:15.868 [31mERROR [0;34m  floodsub: [0malready have connection to peer: <peer.ID SoLju6> [0;37mfloodsub.go:112[0m
[0;37m16:00:12.044 [31mERROR [0;34mcore/serve: [0mipfs resolve -r /ipfs/QmPhnvn747LqwPYMJmQVorMaGbMSgA7mRRoyyZYz3DoZRQ/locale/webui-zh.json: no link named "webui-zh.json" under Qmc6bAsXTFFdvV3RoLuf6jjV3jzsRLntfsivWQZ75s8QaL [0;37mgateway_handler.go:548[0m
[0;37m16:04:39.337 [31mERROR [0;34m  floodsub: [0malready have connection to peer: <peer.ID eu1A2j> [0;37mfloodsub.go:112[0m
[0;37m16:04:51.173 [31mERROR [0;34m  floodsub: [0malready have connection to peer: <peer.ID cWLQdF> [0;37mfloodsub.go:112[0m
[0;37m16:04:57.388 [31mERROR [0;34m  floodsub: [0malready have connection to peer: <peer.ID Vmc9tw> [0;37mfloodsub.go:112[0m
[0;37m16:05:05.431 [31mERROR [0;34m  floodsub: [0malready have connection to peer: <peer.ID ZY7MtK> [0;37mfloodsub.go:112[0m
[0;37m16:05:06.268 [31mERROR [0;34m  floodsub: [0malready have connection to peer: <peer.ID Rv1GNs> [0;37mfloodsub.go:112[0m
[0;37m16:05:07.790 [31mERROR [0;34m  floodsub: [0malready have connection to peer: <peer.ID ZY7MtK> [0;37mfloodsub.go:112[0m
[0;37m16:05:08.350 [31mERROR [0;34m  floodsub: [0malready have connection to peer: <peer.ID SoLju6> [0;37mfloodsub.go:112[0m
[0;37m16:05:10.488 [31mERROR [0;34m  floodsub: [0malready have connection to peer: <peer.ID SoLSaf> [0;37mfloodsub.go:112[0m
[0;37m16:05:12.080 [31mERROR [0;34m  floodsub: [0malready have connection to peer: <peer.ID XRBMbc> [0;37mfloodsub.go:112[0m
[0;37m16:05:13.661 [31mERROR [0;34m  floodsub: [0malready have connection to peer: <peer.ID SoLV4B> [0;37mfloodsub.go:112[0m
[0;37m16:05:18.837 [31mERROR [0;34m  floodsub: [0malready have connection to peer: <peer.ID epgFW7> [0;37mfloodsub.go:112[0m
[0;37m16:05:24.416 [31mERROR [0;34m  floodsub: [0malready have connection to peer: <peer.ID SoLer2> [0;37mfloodsub.go:112[0m
[0;37m16:05:28.719 [31mERROR [0;34m  floodsub: [0malready have connection to peer: <peer.ID PGjXmG> [0;37mfloodsub.go:112[0m
[0;37m16:05:29.595 [31mERROR [0;34m  floodsub: [0malready have connection to peer: <peer.ID SoLMeW> [0;37mfloodsub.go:112[0m
[0;37m16:05:31.200 [31mERROR [0;34m  floodsub: [0malready have connection to peer: <peer.ID SoLnSG> [0;37mfloodsub.go:112[0m
[0;37m16:05:32.090 [31mERROR [0;34m  floodsub: [0malready have connection to peer: <peer.ID SoLPpp> [0;37mfloodsub.go:112[0m
[0;37m16:05:33.521 [31mERROR [0;34m  floodsub: [0malready have connection to peer: <peer.ID SoLueR> [0;37mfloodsub.go:112[0m
[0;37m16:05:34.019 [31mERROR [0;34m  floodsub: [0malready have connection to peer: <peer.ID Wvr33T> [0;37mfloodsub.go:112[0m
[0;37m16:05:39.157 [31mERROR [0;34m  floodsub: [0malready have connection to peer: <peer.ID Vmc9tw> [0;37mfloodsub.go:112[0m
[0;37m16:05:39.196 [31mERROR [0;34m  floodsub: [0malready have connection to peer: <peer.ID ZSe5GZ> [0;37mfloodsub.go:112[0m
[0;37m16:05:39.478 [31mERROR [0;34m  floodsub: [0malready have connection to peer: <peer.ID UFzAjw> [0;37mfloodsub.go:112[0m
[0;37m16:05:41.441 [31mERROR [0;34m  floodsub: [0malready have connection to peer: <peer.ID UzmXXo> [0;37mfloodsub.go:112[0m
[0;37m16:05:47.054 [31mERROR [0;34m  floodsub: [0malready have connection to peer: <peer.ID SoLju6> [0;37mfloodsub.go:112[0m
[0;37m16:06:03.113 [31mERROR [0;34m  floodsub: [0malready have connection to peer: <peer.ID XKd1pJ> [0;37mfloodsub.go:112[0m
[0;37m16:06:35.963 [31mERROR [0;34m  floodsub: [0malready have connection to peer: <peer.ID UzmXXo> [0;37mfloodsub.go:112[0m
[0;37m16:07:39.123 [31mERROR [0;34m  floodsub: [0malready have connection to peer: <peer.ID SoLer2> [0;37mfloodsub.go:112[0m
[0;37m16:09:56.642 [31mERROR [0;34m  floodsub: [0malready have connection to peer: <peer.ID SoLV4B> [0;37mfloodsub.go:112[0m
[0;37m16:10:39.667 [31mERROR [0;34m  floodsub: [0malready have connection to peer: <peer.ID SoLV4B> [0;37mfloodsub.go:112[0m
[0;37m16:11:48.632 [31mERROR [0;34m  floodsub: [0malready have connection to peer: <peer.ID SoLnSG> [0;37mfloodsub.go:112[0m
[0;37m16:13:31.046 [31mERROR [0;34m  floodsub: [0malready have connection to peer: <peer.ID SoLer2> [0;37mfloodsub.go:112[0m
[0;37m16:13:35.201 [31mERROR [0;34m  floodsub: [0malready have connection to peer: <peer.ID SoLueR> [0;37mfloodsub.go:112[0m
[0;37m16:22:50.461 [31mERROR [0;34m  floodsub: [0malready have connection to peer: <peer.ID SoLueR> [0;37mfloodsub.go:112[0m
[0;37m16:23:51.835 [31mERROR [0;34m  floodsub: [0malready have connection to peer: <peer.ID ZSe5GZ> [0;37mfloodsub.go:112[0m
[0;37m16:26:10.801 [31mERROR [0;34m  floodsub: [0malready have connection to peer: <peer.ID ZY7MtK> [0;37mfloodsub.go:112[0m
[0;37m16:26:12.940 [31mERROR [0;34m  floodsub: [0malready have connection to peer: <peer.ID SoLju6> [0;37mfloodsub.go:112[0m
[0;37m16:28:29.617 [31mERROR [0;34m  floodsub: [0malready have connection to peer: <peer.ID SoLer2> [0;37mfloodsub.go:112[0m
